<?xml version="1.0" encoding="UTF-8"?>
<!-- Generated by org.testng.reporters.JUnitXMLReporter -->
<testsuite ignored="0" hostname="crysis" failures="11" tests="12" name="Mesky Test Cases" time="73.093" errors="0" timestamp="2024-03-02T18:20:20 IST">
  <testcase classname="com.mesky.qa.testcases.Register" name="verifyRegisteringAnAccountWithMandatoryFields" time="0.017">
    <failure type="java.lang.Error" message="Unresolved compilation problem: 
	Syntax error, insert &amp;quot;}&amp;quot; to complete ClassBody
">
      <![CDATA[java.lang.Error: Unresolved compilation problem: 
Syntax error, insert "}" to complete ClassBody

at com.mesky.qa.utils.Utilities.generateEmailWithTimeStamp(Utilities.java:23)
at com.mesky.qa.testcases.Register.verifyRegisteringAnAccountWithMandatoryFields(Register.java:47)
at java.base/java.util.ArrayList.forEach(ArrayList.java:1596)
... Removed 25 stack frames]]>
    </failure>
  </testcase> <!-- verifyRegisteringAnAccountWithMandatoryFields -->
  <testcase classname="com.mesky.qa.testcases.Register" name="verifyRegisteringAccountByProvidingAllFields" time="0.004">
    <failure type="java.lang.Error" message="Unresolved compilation problem: 
	Syntax error, insert &amp;quot;}&amp;quot; to complete ClassBody
">
      <![CDATA[java.lang.Error: Unresolved compilation problem: 
Syntax error, insert "}" to complete ClassBody

at com.mesky.qa.utils.Utilities.generateEmailWithTimeStamp(Utilities.java:23)
at com.mesky.qa.testcases.Register.verifyRegisteringAccountByProvidingAllFields(Register.java:55)
at java.base/java.util.ArrayList.forEach(ArrayList.java:1596)
... Removed 25 stack frames]]>
    </failure>
  </testcase> <!-- verifyRegisteringAccountByProvidingAllFields -->
  <testcase classname="com.mesky.qa.testcases.Register" name="verifyRegisteringAccountWithExistingEmailAddress" time="11.757">
    <failure type="org.openqa.selenium.NoSuchElementException" message="no such element: Unable to locate element: {&amp;quot;method&amp;quot;:&amp;quot;xpath&amp;quot;,&amp;quot;selector&amp;quot;:&amp;quot;//div[contains(@class,&amp;apos;alert=dismissible&amp;apos;)]&amp;quot;}
  (Session info: chrome=121.0.6167.185)
For documentation on this error, please visit: https://www.selenium.dev/documentation/webdriver/troubleshooting/errors#no-such-element-exception
Build info: version: &amp;apos;4.17.0&amp;apos;, revision: &amp;apos;e52b1be057*&amp;apos;
System info: os.name: &amp;apos;Windows 11&amp;apos;, os.arch: &amp;apos;amd64&amp;apos;, os.version: &amp;apos;10.0&amp;apos;, java.version: &amp;apos;21.0.1&amp;apos;
Driver info: org.openqa.selenium.chrome.ChromeDriver
Command: [98963ac55eca2e86098f71d3a31460f4, findElement {value=//div[contains(@class,&amp;apos;alert=dismissible&amp;apos;)], using=xpath}]
Capabilities {acceptInsecureCerts: false, browserName: chrome, browserVersion: 121.0.6167.185, chrome: {chromedriverVersion: 121.0.6167.184 (057a8ae7deb..., userDataDir: C:\Users\tosif\AppData\Loca...}, fedcm:accounts: true, goog:chromeOptions: {debuggerAddress: localhost:59837}, networkConnectionEnabled: false, pageLoadStrategy: normal, platformName: windows, proxy: Proxy(), se:cdp: ws://localhost:59837/devtoo..., se:cdpVersion: 121.0.6167.185, setWindowRect: true, strictFileInteractability: false, timeouts: {implicit: 0, pageLoad: 300000, script: 30000}, unhandledPromptBehavior: dismiss and notify, webauthn:extension:credBlob: true, webauthn:extension:largeBlob: true, webauthn:extension:minPinLength: true, webauthn:extension:prf: true, webauthn:virtualAuthenticators: true}
Session ID: 98963ac55eca2e86098f71d3a31460f4">
      <![CDATA[org.openqa.selenium.NoSuchElementException: no such element: Unable to locate element: {"method":"xpath","selector":"//div[contains(@class,'alert=dismissible')]"}
  (Session info: chrome=121.0.6167.185)
For documentation on this error, please visit: https://www.selenium.dev/documentation/webdriver/troubleshooting/errors#no-such-element-exception
Build info: version: '4.17.0', revision: 'e52b1be057*'
System info: os.name: 'Windows 11', os.arch: 'amd64', os.version: '10.0', java.version: '21.0.1'
Driver info: org.openqa.selenium.chrome.ChromeDriver
Command: [98963ac55eca2e86098f71d3a31460f4, findElement {value=//div[contains(@class,'alert=dismissible')], using=xpath}]
Capabilities {acceptInsecureCerts: false, browserName: chrome, browserVersion: 121.0.6167.185, chrome: {chromedriverVersion: 121.0.6167.184 (057a8ae7deb..., userDataDir: C:\Users\tosif\AppData\Loca...}, fedcm:accounts: true, goog:chromeOptions: {debuggerAddress: localhost:59837}, networkConnectionEnabled: false, pageLoadStrategy: normal, platformName: windows, proxy: Proxy(), se:cdp: ws://localhost:59837/devtoo..., se:cdpVersion: 121.0.6167.185, setWindowRect: true, strictFileInteractability: false, timeouts: {implicit: 0, pageLoad: 300000, script: 30000}, unhandledPromptBehavior: dismiss and notify, webauthn:extension:credBlob: true, webauthn:extension:largeBlob: true, webauthn:extension:minPinLength: true, webauthn:extension:prf: true, webauthn:virtualAuthenticators: true}
Session ID: 98963ac55eca2e86098f71d3a31460f4
at org.openqa.selenium.remote.codec.w3c.W3CHttpResponseCodec.createException(W3CHttpResponseCodec.java:185)
at org.openqa.selenium.remote.codec.w3c.W3CHttpResponseCodec.decode(W3CHttpResponseCodec.java:134)
at org.openqa.selenium.remote.codec.w3c.W3CHttpResponseCodec.decode(W3CHttpResponseCodec.java:51)
at org.openqa.selenium.remote.HttpCommandExecutor.execute(HttpCommandExecutor.java:190)
at org.openqa.selenium.remote.service.DriverCommandExecutor.invokeExecute(DriverCommandExecutor.java:216)
at org.openqa.selenium.remote.service.DriverCommandExecutor.execute(DriverCommandExecutor.java:174)
at org.openqa.selenium.remote.RemoteWebDriver.execute(RemoteWebDriver.java:519)
at org.openqa.selenium.remote.ElementLocation$ElementFinder$2.findElement(ElementLocation.java:165)
at org.openqa.selenium.remote.ElementLocation.findElement(ElementLocation.java:59)
at org.openqa.selenium.remote.RemoteWebDriver.findElement(RemoteWebDriver.java:356)
at org.openqa.selenium.remote.RemoteWebDriver.findElement(RemoteWebDriver.java:350)
at org.openqa.selenium.support.pagefactory.DefaultElementLocator.findElement(DefaultElementLocator.java:68)
at org.openqa.selenium.support.pagefactory.internal.LocatingElementHandler.invoke(LocatingElementHandler.java:38)
at jdk.proxy2/jdk.proxy2.$Proxy13.getText(Unknown Source)
at com.mesky.qa.pages.RegisterPage.retrieveDuplicateEmailAddressWarning(RegisterPage.java:171)
at com.mesky.qa.testcases.Register.verifyRegisteringAccountWithExistingEmailAddress(Register.java:64)
at java.base/java.util.ArrayList.forEach(ArrayList.java:1596)
... Removed 28 stack frames]]>
    </failure>
  </testcase> <!-- verifyRegisteringAccountWithExistingEmailAddress -->
  <testcase classname="com.mesky.qa.testcases.Register" name="verifyRegisteringAccountWithoutFillingAnyDetails" time="10.572">
    <failure type="org.openqa.selenium.NoSuchElementException" message="no such element: Unable to locate element: {&amp;quot;method&amp;quot;:&amp;quot;xpath&amp;quot;,&amp;quot;selector&amp;quot;:&amp;quot;//div[contains(@class,&amp;apos;alert=dismissible&amp;apos;)]&amp;quot;}
  (Session info: chrome=121.0.6167.185)
For documentation on this error, please visit: https://www.selenium.dev/documentation/webdriver/troubleshooting/errors#no-such-element-exception
Build info: version: &amp;apos;4.17.0&amp;apos;, revision: &amp;apos;e52b1be057*&amp;apos;
System info: os.name: &amp;apos;Windows 11&amp;apos;, os.arch: &amp;apos;amd64&amp;apos;, os.version: &amp;apos;10.0&amp;apos;, java.version: &amp;apos;21.0.1&amp;apos;
Driver info: org.openqa.selenium.chrome.ChromeDriver
Command: [bad2bfdffc2526ea72fe3b34a1ba7ff1, findElement {value=//div[contains(@class,&amp;apos;alert=dismissible&amp;apos;)], using=xpath}]
Capabilities {acceptInsecureCerts: false, browserName: chrome, browserVersion: 121.0.6167.185, chrome: {chromedriverVersion: 121.0.6167.184 (057a8ae7deb..., userDataDir: C:\Users\tosif\AppData\Loca...}, fedcm:accounts: true, goog:chromeOptions: {debuggerAddress: localhost:59880}, networkConnectionEnabled: false, pageLoadStrategy: normal, platformName: windows, proxy: Proxy(), se:cdp: ws://localhost:59880/devtoo..., se:cdpVersion: 121.0.6167.185, setWindowRect: true, strictFileInteractability: false, timeouts: {implicit: 0, pageLoad: 300000, script: 30000}, unhandledPromptBehavior: dismiss and notify, webauthn:extension:credBlob: true, webauthn:extension:largeBlob: true, webauthn:extension:minPinLength: true, webauthn:extension:prf: true, webauthn:virtualAuthenticators: true}
Session ID: bad2bfdffc2526ea72fe3b34a1ba7ff1">
      <![CDATA[org.openqa.selenium.NoSuchElementException: no such element: Unable to locate element: {"method":"xpath","selector":"//div[contains(@class,'alert=dismissible')]"}
  (Session info: chrome=121.0.6167.185)
For documentation on this error, please visit: https://www.selenium.dev/documentation/webdriver/troubleshooting/errors#no-such-element-exception
Build info: version: '4.17.0', revision: 'e52b1be057*'
System info: os.name: 'Windows 11', os.arch: 'amd64', os.version: '10.0', java.version: '21.0.1'
Driver info: org.openqa.selenium.chrome.ChromeDriver
Command: [bad2bfdffc2526ea72fe3b34a1ba7ff1, findElement {value=//div[contains(@class,'alert=dismissible')], using=xpath}]
Capabilities {acceptInsecureCerts: false, browserName: chrome, browserVersion: 121.0.6167.185, chrome: {chromedriverVersion: 121.0.6167.184 (057a8ae7deb..., userDataDir: C:\Users\tosif\AppData\Loca...}, fedcm:accounts: true, goog:chromeOptions: {debuggerAddress: localhost:59880}, networkConnectionEnabled: false, pageLoadStrategy: normal, platformName: windows, proxy: Proxy(), se:cdp: ws://localhost:59880/devtoo..., se:cdpVersion: 121.0.6167.185, setWindowRect: true, strictFileInteractability: false, timeouts: {implicit: 0, pageLoad: 300000, script: 30000}, unhandledPromptBehavior: dismiss and notify, webauthn:extension:credBlob: true, webauthn:extension:largeBlob: true, webauthn:extension:minPinLength: true, webauthn:extension:prf: true, webauthn:virtualAuthenticators: true}
Session ID: bad2bfdffc2526ea72fe3b34a1ba7ff1
at org.openqa.selenium.remote.codec.w3c.W3CHttpResponseCodec.createException(W3CHttpResponseCodec.java:185)
at org.openqa.selenium.remote.codec.w3c.W3CHttpResponseCodec.decode(W3CHttpResponseCodec.java:134)
at org.openqa.selenium.remote.codec.w3c.W3CHttpResponseCodec.decode(W3CHttpResponseCodec.java:51)
at org.openqa.selenium.remote.HttpCommandExecutor.execute(HttpCommandExecutor.java:190)
at org.openqa.selenium.remote.service.DriverCommandExecutor.invokeExecute(DriverCommandExecutor.java:216)
at org.openqa.selenium.remote.service.DriverCommandExecutor.execute(DriverCommandExecutor.java:174)
at org.openqa.selenium.remote.RemoteWebDriver.execute(RemoteWebDriver.java:519)
at org.openqa.selenium.remote.ElementLocation$ElementFinder$2.findElement(ElementLocation.java:165)
at org.openqa.selenium.remote.ElementLocation.findElement(ElementLocation.java:59)
at org.openqa.selenium.remote.RemoteWebDriver.findElement(RemoteWebDriver.java:356)
at org.openqa.selenium.remote.RemoteWebDriver.findElement(RemoteWebDriver.java:350)
at org.openqa.selenium.support.pagefactory.DefaultElementLocator.findElement(DefaultElementLocator.java:68)
at org.openqa.selenium.support.pagefactory.internal.LocatingElementHandler.invoke(LocatingElementHandler.java:38)
at jdk.proxy2/jdk.proxy2.$Proxy13.getText(Unknown Source)
at com.mesky.qa.pages.RegisterPage.displayStatusOfWarningMessages(RegisterPage.java:226)
at com.mesky.qa.testcases.Register.verifyRegisteringAccountWithoutFillingAnyDetails(Register.java:74)
at java.base/java.util.ArrayList.forEach(ArrayList.java:1596)
... Removed 28 stack frames]]>
    </failure>
  </testcase> <!-- verifyRegisteringAccountWithoutFillingAnyDetails -->
  <testcase classname="com.mesky.qa.testcases.Login" name="verifyLoginWithValidCredentials" time="0.0">
    <failure type="org.testng.TestNGException" message="
Method public void com.mesky.qa.testcases.Login.verifyLoginWithValidCredentials(java.lang.String,java.lang.String) requires a @DataProvider named : supplyTestData">
      <![CDATA[org.testng.TestNGException: 
Method public void com.mesky.qa.testcases.Login.verifyLoginWithValidCredentials(java.lang.String,java.lang.String) requires a @DataProvider named : supplyTestData
at java.base/java.util.ArrayList.forEach(ArrayList.java:1596)
... Removed 24 stack frames]]>
    </failure>
  </testcase> <!-- verifyLoginWithValidCredentials -->
  <testcase classname="com.mesky.qa.testcases.Login" name="verifyLoginWithInValidCredentials" time="0.015">
    <failure type="java.lang.Error" message="Unresolved compilation problem: 
	Syntax error, insert &amp;quot;}&amp;quot; to complete ClassBody
">
      <![CDATA[java.lang.Error: Unresolved compilation problem: 
Syntax error, insert "}" to complete ClassBody

at com.mesky.qa.utils.Utilities.generateEmailWithTimeStamp(Utilities.java:23)
at com.mesky.qa.testcases.Login.verifyLoginWithInValidCredentials(Login.java:64)
at java.base/java.util.ArrayList.forEach(ArrayList.java:1596)
... Removed 25 stack frames]]>
    </failure>
  </testcase> <!-- verifyLoginWithInValidCredentials -->
  <testcase classname="com.mesky.qa.testcases.Login" name="verifyLoginWithInValidEmailAndValidPassword" time="0.004">
    <failure type="java.lang.Error" message="Unresolved compilation problem: 
	Syntax error, insert &amp;quot;}&amp;quot; to complete ClassBody
">
      <![CDATA[java.lang.Error: Unresolved compilation problem: 
Syntax error, insert "}" to complete ClassBody

at com.mesky.qa.utils.Utilities.generateEmailWithTimeStamp(Utilities.java:23)
at com.mesky.qa.testcases.Login.verifyLoginWithInValidEmailAndValidPassword(Login.java:72)
at java.base/java.util.ArrayList.forEach(ArrayList.java:1596)
... Removed 25 stack frames]]>
    </failure>
  </testcase> <!-- verifyLoginWithInValidEmailAndValidPassword -->
  <testcase classname="com.mesky.qa.testcases.Login" name="verifyLoginWithValidEmailAndInValidPassword" time="0.999">
    <failure type="java.lang.AssertionError" message="Expected Warning message is not displayed expected [true] but found [false]">
      <![CDATA[java.lang.AssertionError: Expected Warning message is not displayed expected [true] but found [false]
at com.mesky.qa.testcases.Login.verifyLoginWithValidEmailAndInValidPassword(Login.java:80)
at java.base/java.util.ArrayList.forEach(ArrayList.java:1596)
... Removed 28 stack frames]]>
    </failure>
  </testcase> <!-- verifyLoginWithValidEmailAndInValidPassword -->
  <testcase classname="com.mesky.qa.testcases.Login" name="verifyLoginWithoutProvidingCredentials" time="0.614">
    <failure type="java.lang.AssertionError" message="Expected Warning message is not displayed expected [true] but found [false]">
      <![CDATA[java.lang.AssertionError: Expected Warning message is not displayed expected [true] but found [false]
at com.mesky.qa.testcases.Login.verifyLoginWithoutProvidingCredentials(Login.java:89)
at java.base/java.util.ArrayList.forEach(ArrayList.java:1596)
... Removed 28 stack frames]]>
    </failure>
  </testcase> <!-- verifyLoginWithoutProvidingCredentials -->
  <testcase classname="com.mesky.qa.testcases.Search" name="verifySearchWithValidproduct" time="0.839"/>
  <testcase classname="com.mesky.qa.testcases.Search" name="verifySearchWithInValidproduct" time="0.631">
    <failure type="java.lang.AssertionError" message="No product in search results is not displayed expected [There is no product that matches the search criteria] but found [There is no product that matches the search criteria.]">
      <![CDATA[java.lang.AssertionError: No product in search results is not displayed expected [There is no product that matches the search criteria] but found [There is no product that matches the search criteria.]
at com.mesky.qa.testcases.Search.verifySearchWithInValidproduct(Search.java:53)
at java.base/java.util.ArrayList.forEach(ArrayList.java:1596)
... Removed 30 stack frames]]>
    </failure>
  </testcase> <!-- verifySearchWithInValidproduct -->
  <testcase classname="com.mesky.qa.testcases.Search" name="verifySearchWithoutAnyProduct" time="0.529">
    <failure type="java.lang.AssertionError" message="No product in search results is not displayed expected [There is no product that matches the search criteria] but found [There is no product that matches the search criteria.]">
      <![CDATA[java.lang.AssertionError: No product in search results is not displayed expected [There is no product that matches the search criteria] but found [There is no product that matches the search criteria.]
at com.mesky.qa.testcases.Search.verifySearchWithoutAnyProduct(Search.java:60)
at java.base/java.util.ArrayList.forEach(ArrayList.java:1596)
... Removed 30 stack frames]]>
    </failure>
  </testcase> <!-- verifySearchWithoutAnyProduct -->
</testsuite> <!-- Mesky Test Cases -->
